08-Nov-2024 10:46:15.054 INFO [main] org.apache.catalina.startup.VersionLoggerListener.log Server version name:   Apache Tomcat/10.1.30
08-Nov-2024 10:46:15.059 INFO [main] org.apache.catalina.startup.VersionLoggerListener.log Server built:          Sep 13 2024 20:26:16 UTC
08-Nov-2024 10:46:15.059 INFO [main] org.apache.catalina.startup.VersionLoggerListener.log Server version number: 10.1.30.0
08-Nov-2024 10:46:15.060 INFO [main] org.apache.catalina.startup.VersionLoggerListener.log OS Name:               Windows 10
08-Nov-2024 10:46:15.060 INFO [main] org.apache.catalina.startup.VersionLoggerListener.log OS Version:            10.0
08-Nov-2024 10:46:15.060 INFO [main] org.apache.catalina.startup.VersionLoggerListener.log Architecture:          amd64
08-Nov-2024 10:46:15.060 INFO [main] org.apache.catalina.startup.VersionLoggerListener.log Java Home:             C:\Users\mau.lopezrodriguez\.jdks\corretto-21.0.4
08-Nov-2024 10:46:15.060 INFO [main] org.apache.catalina.startup.VersionLoggerListener.log JVM Version:           21.0.4+7-LTS
08-Nov-2024 10:46:15.060 INFO [main] org.apache.catalina.startup.VersionLoggerListener.log JVM Vendor:            Amazon.com Inc.
08-Nov-2024 10:46:15.060 INFO [main] org.apache.catalina.startup.VersionLoggerListener.log CATALINA_BASE:         C:\Users\mau.lopezrodriguez\OneDrive - Travelport\Documents\code\project-one-Mauro
08-Nov-2024 10:46:15.061 INFO [main] org.apache.catalina.startup.VersionLoggerListener.log CATALINA_HOME:         C:\dev\tomcat\10.1.30
08-Nov-2024 10:46:15.072 INFO [main] org.apache.catalina.startup.VersionLoggerListener.log Command line argument: --add-opens=java.base/java.lang=ALL-UNNAMED
08-Nov-2024 10:46:15.072 INFO [main] org.apache.catalina.startup.VersionLoggerListener.log Command line argument: --add-opens=java.base/java.io=ALL-UNNAMED
08-Nov-2024 10:46:15.072 INFO [main] org.apache.catalina.startup.VersionLoggerListener.log Command line argument: --add-opens=java.base/java.util=ALL-UNNAMED
08-Nov-2024 10:46:15.072 INFO [main] org.apache.catalina.startup.VersionLoggerListener.log Command line argument: --add-opens=java.base/java.util.concurrent=ALL-UNNAMED
08-Nov-2024 10:46:15.072 INFO [main] org.apache.catalina.startup.VersionLoggerListener.log Command line argument: --add-opens=java.rmi/sun.rmi.transport=ALL-UNNAMED
08-Nov-2024 10:46:15.072 INFO [main] org.apache.catalina.startup.VersionLoggerListener.log Command line argument: -agentlib:jdwp=transport=dt_socket,address=127.0.0.1:50948,suspend=y,server=n
08-Nov-2024 10:46:15.072 INFO [main] org.apache.catalina.startup.VersionLoggerListener.log Command line argument: -Dcatalina.home=C:\dev\tomcat\10.1.30
08-Nov-2024 10:46:15.073 INFO [main] org.apache.catalina.startup.VersionLoggerListener.log Command line argument: -Dcatalina.base=C:\Users\mau.lopezrodriguez\OneDrive - Travelport\Documents\code\project-one-Mauro
08-Nov-2024 10:46:15.073 INFO [main] org.apache.catalina.startup.VersionLoggerListener.log Command line argument: -Djava.io.tmpdir=C:\Users\mau.lopezrodriguez\OneDrive - Travelport\Documents\code\project-one-Mauro\temp
08-Nov-2024 10:46:15.073 INFO [main] org.apache.catalina.startup.VersionLoggerListener.log Command line argument: -Djava.util.logging.config.file=C:\Users\mau.lopezrodriguez\OneDrive - Travelport\Documents\code\project-one-Mauro\conf\logging.properties
08-Nov-2024 10:46:15.073 INFO [main] org.apache.catalina.startup.VersionLoggerListener.log Command line argument: -Djava.util.logging.manager=org.apache.juli.ClassLoaderLogManager
08-Nov-2024 10:46:15.073 INFO [main] org.apache.catalina.startup.VersionLoggerListener.log Command line argument: -javaagent:C:\Users\mau.lopezrodriguez\AppData\Local\JetBrains\IdeaIC2024.2\captureAgent\debugger-agent.jar
08-Nov-2024 10:46:15.073 INFO [main] org.apache.catalina.startup.VersionLoggerListener.log Command line argument: -Dkotlinx.coroutines.debug.enable.creation.stack.trace=false
08-Nov-2024 10:46:15.073 INFO [main] org.apache.catalina.startup.VersionLoggerListener.log Command line argument: -Ddebugger.agent.enable.coroutines=true
08-Nov-2024 10:46:15.073 INFO [main] org.apache.catalina.startup.VersionLoggerListener.log Command line argument: -Dfile.encoding=UTF-8
08-Nov-2024 10:46:15.073 INFO [main] org.apache.catalina.startup.VersionLoggerListener.log Command line argument: -Dsun.stdout.encoding=UTF-8
08-Nov-2024 10:46:15.073 INFO [main] org.apache.catalina.startup.VersionLoggerListener.log Command line argument: -Dsun.stderr.encoding=UTF-8
08-Nov-2024 10:46:15.084 INFO [main] org.apache.catalina.core.AprLifecycleListener.lifecycleEvent Loaded Apache Tomcat Native library [2.0.8] using APR version [1.7.4].
08-Nov-2024 10:46:15.097 INFO [main] org.apache.catalina.core.AprLifecycleListener.initializeSSL OpenSSL successfully initialized [OpenSSL 3.0.14 4 Jun 2024]
08-Nov-2024 10:46:15.324 INFO [main] org.apache.coyote.AbstractProtocol.init Initializing ProtocolHandler ["http-nio-9080"]
08-Nov-2024 10:46:15.351 INFO [main] org.apache.catalina.startup.Catalina.load Server initialization in [472] milliseconds
08-Nov-2024 10:46:15.407 INFO [main] org.apache.catalina.core.StandardService.startInternal Starting service [Catalina]
08-Nov-2024 10:46:15.407 INFO [main] org.apache.catalina.core.StandardEngine.startInternal Starting Servlet engine: [Apache Tomcat/10.1.30]
08-Nov-2024 10:46:15.417 INFO [main] org.apache.catalina.startup.HostConfig.deployDescriptor Deploying deployment descriptor [C:\Users\mau.lopezrodriguez\OneDrive - Travelport\Documents\code\project-one-Mauro\conf\Catalina\localhost\project-one-Mauro.xml]
08-Nov-2024 10:46:18.244 INFO [main] org.apache.jasper.servlet.TldScanner.scanJars At least one JAR was scanned for TLDs yet contained no TLDs. Enable debug logging for this logger for a complete list of JARs that were scanned but no TLDs were found in them. Skipping unneeded JARs during scanning can improve startup time and JSP compilation time.
08-Nov-2024 10:46:19.811 INFO [main] org.hibernate.Version.logVersion HHH000412: Hibernate ORM core version 6.6.1.Final
08-Nov-2024 10:46:20.001 INFO [main] org.hibernate.cache.internal.RegionFactoryInitiator.initiateService HHH000026: Second-level cache disabled
08-Nov-2024 10:46:21.110 INFO [main] org.hibernate.engine.jdbc.env.internal.JdbcEnvironmentInitiator.initiateService HHH10001005: Database info:
	Database JDBC URL [Connecting through datasource 'org.apache.commons.dbcp2.BasicDataSource@39ee039d']
	Database driver: undefined/unknown
	Database version: 9.1
	Autocommit mode: undefined/unknown
	Isolation level: undefined/unknown
	Minimum pool size: undefined/unknown
	Maximum pool size: undefined/unknown
08-Nov-2024 10:46:24.163 INFO [main] org.hibernate.engine.transaction.jta.platform.internal.JtaPlatformInitiator.initiateService HHH000489: No JTA platform available (set 'hibernate.transaction.jta.platform' to enable JTA platform integration)
08-Nov-2024 10:46:26.210 INFO [main] org.apache.catalina.startup.HostConfig.deployDescriptor Deployment of deployment descriptor [C:\Users\mau.lopezrodriguez\OneDrive - Travelport\Documents\code\project-one-Mauro\conf\Catalina\localhost\project-one-Mauro.xml] has finished in [10,793] ms
08-Nov-2024 10:46:26.214 INFO [main] org.apache.coyote.AbstractProtocol.start Starting ProtocolHandler ["http-nio-9080"]
08-Nov-2024 10:46:26.230 INFO [main] org.apache.catalina.startup.Catalina.start Server startup in [10877] milliseconds
08-Nov-2024 10:48:09.553 INFO [Thread-1] org.apache.coyote.AbstractProtocol.pause Pausing ProtocolHandler ["http-nio-9080"]
08-Nov-2024 10:48:09.556 INFO [Thread-1] org.apache.catalina.core.StandardService.stopInternal Stopping service [Catalina]
08-Nov-2024 10:48:09.574 WARNING [Thread-1] org.apache.catalina.loader.WebappClassLoaderBase.clearReferencesJdbc The web application [project-one-Mauro] registered the JDBC driver [com.mysql.cj.jdbc.Driver] but failed to unregister it when the web application was stopped. To prevent a memory leak, the JDBC Driver has been forcibly unregistered.
08-Nov-2024 10:48:09.574 WARNING [Thread-1] org.apache.catalina.loader.WebappClassLoaderBase.clearReferencesThreads The web application [project-one-Mauro] appears to have started a thread named [mysql-cj-abandoned-connection-cleanup] but has failed to stop it. This is very likely to create a memory leak. Stack trace of thread:
 java.base/jdk.internal.misc.Unsafe.park(Native Method)
 java.base/java.util.concurrent.locks.LockSupport.parkNanos(LockSupport.java:269)
 java.base/java.util.concurrent.locks.AbstractQueuedSynchronizer$ConditionObject.await(AbstractQueuedSynchronizer.java:1847)
 java.base/java.lang.ref.ReferenceQueue.await(ReferenceQueue.java:71)
 java.base/java.lang.ref.ReferenceQueue.remove0(ReferenceQueue.java:143)
 java.base/java.lang.ref.ReferenceQueue.remove(ReferenceQueue.java:218)
 com.mysql.cj.jdbc.AbandonedConnectionCleanupThread.run(AbandonedConnectionCleanupThread.java:84)
 java.base/java.util.concurrent.ThreadPoolExecutor.runWorker(ThreadPoolExecutor.java:1144)
 java.base/java.util.concurrent.ThreadPoolExecutor$Worker.run(ThreadPoolExecutor.java:642)
 java.base/java.lang.Thread.run(Thread.java:1583)
08-Nov-2024 10:48:09.582 INFO [Thread-1] org.apache.coyote.AbstractProtocol.stop Stopping ProtocolHandler ["http-nio-9080"]
08-Nov-2024 10:48:09.595 INFO [Thread-1] org.apache.coyote.AbstractProtocol.destroy Destroying ProtocolHandler ["http-nio-9080"]
08-Nov-2024 12:02:38.372 INFO [main] org.apache.catalina.startup.VersionLoggerListener.log Server version name:   Apache Tomcat/10.1.30
08-Nov-2024 12:02:38.376 INFO [main] org.apache.catalina.startup.VersionLoggerListener.log Server built:          Sep 13 2024 20:26:16 UTC
08-Nov-2024 12:02:38.376 INFO [main] org.apache.catalina.startup.VersionLoggerListener.log Server version number: 10.1.30.0
08-Nov-2024 12:02:38.377 INFO [main] org.apache.catalina.startup.VersionLoggerListener.log OS Name:               Windows 10
08-Nov-2024 12:02:38.377 INFO [main] org.apache.catalina.startup.VersionLoggerListener.log OS Version:            10.0
08-Nov-2024 12:02:38.377 INFO [main] org.apache.catalina.startup.VersionLoggerListener.log Architecture:          amd64
08-Nov-2024 12:02:38.377 INFO [main] org.apache.catalina.startup.VersionLoggerListener.log Java Home:             C:\Users\mau.lopezrodriguez\.jdks\corretto-21.0.4
08-Nov-2024 12:02:38.377 INFO [main] org.apache.catalina.startup.VersionLoggerListener.log JVM Version:           21.0.4+7-LTS
08-Nov-2024 12:02:38.377 INFO [main] org.apache.catalina.startup.VersionLoggerListener.log JVM Vendor:            Amazon.com Inc.
08-Nov-2024 12:02:38.377 INFO [main] org.apache.catalina.startup.VersionLoggerListener.log CATALINA_BASE:         C:\Users\mau.lopezrodriguez\OneDrive - Travelport\Documents\code\project-one-Mauro
08-Nov-2024 12:02:38.377 INFO [main] org.apache.catalina.startup.VersionLoggerListener.log CATALINA_HOME:         C:\dev\tomcat\10.1.30
08-Nov-2024 12:02:38.391 INFO [main] org.apache.catalina.startup.VersionLoggerListener.log Command line argument: --add-opens=java.base/java.lang=ALL-UNNAMED
08-Nov-2024 12:02:38.391 INFO [main] org.apache.catalina.startup.VersionLoggerListener.log Command line argument: --add-opens=java.base/java.io=ALL-UNNAMED
08-Nov-2024 12:02:38.391 INFO [main] org.apache.catalina.startup.VersionLoggerListener.log Command line argument: --add-opens=java.base/java.util=ALL-UNNAMED
08-Nov-2024 12:02:38.391 INFO [main] org.apache.catalina.startup.VersionLoggerListener.log Command line argument: --add-opens=java.base/java.util.concurrent=ALL-UNNAMED
08-Nov-2024 12:02:38.391 INFO [main] org.apache.catalina.startup.VersionLoggerListener.log Command line argument: --add-opens=java.rmi/sun.rmi.transport=ALL-UNNAMED
08-Nov-2024 12:02:38.391 INFO [main] org.apache.catalina.startup.VersionLoggerListener.log Command line argument: -agentlib:jdwp=transport=dt_socket,address=127.0.0.1:52473,suspend=y,server=n
08-Nov-2024 12:02:38.391 INFO [main] org.apache.catalina.startup.VersionLoggerListener.log Command line argument: -Dcatalina.home=C:\dev\tomcat\10.1.30
08-Nov-2024 12:02:38.391 INFO [main] org.apache.catalina.startup.VersionLoggerListener.log Command line argument: -Dcatalina.base=C:\Users\mau.lopezrodriguez\OneDrive - Travelport\Documents\code\project-one-Mauro
08-Nov-2024 12:02:38.391 INFO [main] org.apache.catalina.startup.VersionLoggerListener.log Command line argument: -Djava.io.tmpdir=C:\Users\mau.lopezrodriguez\OneDrive - Travelport\Documents\code\project-one-Mauro\temp
08-Nov-2024 12:02:38.391 INFO [main] org.apache.catalina.startup.VersionLoggerListener.log Command line argument: -Djava.util.logging.config.file=C:\Users\mau.lopezrodriguez\OneDrive - Travelport\Documents\code\project-one-Mauro\conf\logging.properties
08-Nov-2024 12:02:38.391 INFO [main] org.apache.catalina.startup.VersionLoggerListener.log Command line argument: -Djava.util.logging.manager=org.apache.juli.ClassLoaderLogManager
08-Nov-2024 12:02:38.391 INFO [main] org.apache.catalina.startup.VersionLoggerListener.log Command line argument: -javaagent:C:\Users\mau.lopezrodriguez\AppData\Local\JetBrains\IdeaIC2024.2\captureAgent\debugger-agent.jar
08-Nov-2024 12:02:38.391 INFO [main] org.apache.catalina.startup.VersionLoggerListener.log Command line argument: -Dkotlinx.coroutines.debug.enable.creation.stack.trace=false
08-Nov-2024 12:02:38.391 INFO [main] org.apache.catalina.startup.VersionLoggerListener.log Command line argument: -Ddebugger.agent.enable.coroutines=true
08-Nov-2024 12:02:38.392 INFO [main] org.apache.catalina.startup.VersionLoggerListener.log Command line argument: -Dfile.encoding=UTF-8
08-Nov-2024 12:02:38.392 INFO [main] org.apache.catalina.startup.VersionLoggerListener.log Command line argument: -Dsun.stdout.encoding=UTF-8
08-Nov-2024 12:02:38.392 INFO [main] org.apache.catalina.startup.VersionLoggerListener.log Command line argument: -Dsun.stderr.encoding=UTF-8
08-Nov-2024 12:02:38.396 INFO [main] org.apache.catalina.core.AprLifecycleListener.lifecycleEvent Loaded Apache Tomcat Native library [2.0.8] using APR version [1.7.4].
08-Nov-2024 12:02:38.403 INFO [main] org.apache.catalina.core.AprLifecycleListener.initializeSSL OpenSSL successfully initialized [OpenSSL 3.0.14 4 Jun 2024]
08-Nov-2024 12:02:38.622 INFO [main] org.apache.coyote.AbstractProtocol.init Initializing ProtocolHandler ["http-nio-9080"]
08-Nov-2024 12:02:38.649 INFO [main] org.apache.catalina.startup.Catalina.load Server initialization in [413] milliseconds
08-Nov-2024 12:02:38.698 INFO [main] org.apache.catalina.core.StandardService.startInternal Starting service [Catalina]
08-Nov-2024 12:02:38.698 INFO [main] org.apache.catalina.core.StandardEngine.startInternal Starting Servlet engine: [Apache Tomcat/10.1.30]
08-Nov-2024 12:02:38.709 INFO [main] org.apache.catalina.startup.HostConfig.deployDescriptor Deploying deployment descriptor [C:\Users\mau.lopezrodriguez\OneDrive - Travelport\Documents\code\project-one-Mauro\conf\Catalina\localhost\project-one-Mauro.xml]
08-Nov-2024 12:02:41.518 INFO [main] org.apache.jasper.servlet.TldScanner.scanJars At least one JAR was scanned for TLDs yet contained no TLDs. Enable debug logging for this logger for a complete list of JARs that were scanned but no TLDs were found in them. Skipping unneeded JARs during scanning can improve startup time and JSP compilation time.
08-Nov-2024 12:02:43.055 INFO [main] org.hibernate.Version.logVersion HHH000412: Hibernate ORM core version 6.6.1.Final
08-Nov-2024 12:02:43.229 INFO [main] org.hibernate.cache.internal.RegionFactoryInitiator.initiateService HHH000026: Second-level cache disabled
08-Nov-2024 12:02:44.293 INFO [main] org.hibernate.engine.jdbc.env.internal.JdbcEnvironmentInitiator.initiateService HHH10001005: Database info:
	Database JDBC URL [Connecting through datasource 'org.apache.commons.dbcp2.BasicDataSource@1cb83205']
	Database driver: undefined/unknown
	Database version: 9.1
	Autocommit mode: undefined/unknown
	Isolation level: undefined/unknown
	Minimum pool size: undefined/unknown
	Maximum pool size: undefined/unknown
08-Nov-2024 12:02:47.542 INFO [main] org.hibernate.engine.transaction.jta.platform.internal.JtaPlatformInitiator.initiateService HHH000489: No JTA platform available (set 'hibernate.transaction.jta.platform' to enable JTA platform integration)
08-Nov-2024 12:02:49.669 INFO [main] org.apache.catalina.startup.HostConfig.deployDescriptor Deployment of deployment descriptor [C:\Users\mau.lopezrodriguez\OneDrive - Travelport\Documents\code\project-one-Mauro\conf\Catalina\localhost\project-one-Mauro.xml] has finished in [10,959] ms
08-Nov-2024 12:02:49.672 INFO [main] org.apache.coyote.AbstractProtocol.start Starting ProtocolHandler ["http-nio-9080"]
08-Nov-2024 12:02:49.692 INFO [main] org.apache.catalina.startup.Catalina.start Server startup in [11041] milliseconds
08-Nov-2024 12:07:52.419 INFO [Thread-1] org.apache.coyote.AbstractProtocol.pause Pausing ProtocolHandler ["http-nio-9080"]
08-Nov-2024 12:07:52.422 INFO [Thread-1] org.apache.catalina.core.StandardService.stopInternal Stopping service [Catalina]
08-Nov-2024 12:07:52.439 WARNING [Thread-1] org.apache.catalina.loader.WebappClassLoaderBase.clearReferencesJdbc The web application [project-one-Mauro] registered the JDBC driver [com.mysql.cj.jdbc.Driver] but failed to unregister it when the web application was stopped. To prevent a memory leak, the JDBC Driver has been forcibly unregistered.
08-Nov-2024 12:07:52.440 WARNING [Thread-1] org.apache.catalina.loader.WebappClassLoaderBase.clearReferencesThreads The web application [project-one-Mauro] appears to have started a thread named [mysql-cj-abandoned-connection-cleanup] but has failed to stop it. This is very likely to create a memory leak. Stack trace of thread:
 java.base/jdk.internal.misc.Unsafe.park(Native Method)
 java.base/java.util.concurrent.locks.LockSupport.parkNanos(LockSupport.java:269)
 java.base/java.util.concurrent.locks.AbstractQueuedSynchronizer$ConditionObject.await(AbstractQueuedSynchronizer.java:1847)
 java.base/java.lang.ref.ReferenceQueue.await(ReferenceQueue.java:71)
 java.base/java.lang.ref.ReferenceQueue.remove0(ReferenceQueue.java:143)
 java.base/java.lang.ref.ReferenceQueue.remove(ReferenceQueue.java:218)
 com.mysql.cj.jdbc.AbandonedConnectionCleanupThread.run(AbandonedConnectionCleanupThread.java:84)
 java.base/java.util.concurrent.ThreadPoolExecutor.runWorker(ThreadPoolExecutor.java:1144)
 java.base/java.util.concurrent.ThreadPoolExecutor$Worker.run(ThreadPoolExecutor.java:642)
 java.base/java.lang.Thread.run(Thread.java:1583)
08-Nov-2024 12:07:52.444 INFO [Thread-1] org.apache.coyote.AbstractProtocol.stop Stopping ProtocolHandler ["http-nio-9080"]
08-Nov-2024 12:07:52.454 INFO [Thread-1] org.apache.coyote.AbstractProtocol.destroy Destroying ProtocolHandler ["http-nio-9080"]
08-Nov-2024 12:07:54.700 INFO [main] org.apache.catalina.startup.VersionLoggerListener.log Server version name:   Apache Tomcat/10.1.30
08-Nov-2024 12:07:54.707 INFO [main] org.apache.catalina.startup.VersionLoggerListener.log Server built:          Sep 13 2024 20:26:16 UTC
08-Nov-2024 12:07:54.707 INFO [main] org.apache.catalina.startup.VersionLoggerListener.log Server version number: 10.1.30.0
08-Nov-2024 12:07:54.707 INFO [main] org.apache.catalina.startup.VersionLoggerListener.log OS Name:               Windows 10
08-Nov-2024 12:07:54.707 INFO [main] org.apache.catalina.startup.VersionLoggerListener.log OS Version:            10.0
08-Nov-2024 12:07:54.707 INFO [main] org.apache.catalina.startup.VersionLoggerListener.log Architecture:          amd64
08-Nov-2024 12:07:54.707 INFO [main] org.apache.catalina.startup.VersionLoggerListener.log Java Home:             C:\Users\mau.lopezrodriguez\.jdks\corretto-21.0.4
08-Nov-2024 12:07:54.707 INFO [main] org.apache.catalina.startup.VersionLoggerListener.log JVM Version:           21.0.4+7-LTS
08-Nov-2024 12:07:54.707 INFO [main] org.apache.catalina.startup.VersionLoggerListener.log JVM Vendor:            Amazon.com Inc.
08-Nov-2024 12:07:54.708 INFO [main] org.apache.catalina.startup.VersionLoggerListener.log CATALINA_BASE:         C:\Users\mau.lopezrodriguez\OneDrive - Travelport\Documents\code\project-one-Mauro
08-Nov-2024 12:07:54.708 INFO [main] org.apache.catalina.startup.VersionLoggerListener.log CATALINA_HOME:         C:\dev\tomcat\10.1.30
08-Nov-2024 12:07:54.723 INFO [main] org.apache.catalina.startup.VersionLoggerListener.log Command line argument: --add-opens=java.base/java.lang=ALL-UNNAMED
08-Nov-2024 12:07:54.723 INFO [main] org.apache.catalina.startup.VersionLoggerListener.log Command line argument: --add-opens=java.base/java.io=ALL-UNNAMED
08-Nov-2024 12:07:54.723 INFO [main] org.apache.catalina.startup.VersionLoggerListener.log Command line argument: --add-opens=java.base/java.util=ALL-UNNAMED
08-Nov-2024 12:07:54.723 INFO [main] org.apache.catalina.startup.VersionLoggerListener.log Command line argument: --add-opens=java.base/java.util.concurrent=ALL-UNNAMED
08-Nov-2024 12:07:54.723 INFO [main] org.apache.catalina.startup.VersionLoggerListener.log Command line argument: --add-opens=java.rmi/sun.rmi.transport=ALL-UNNAMED
08-Nov-2024 12:07:54.723 INFO [main] org.apache.catalina.startup.VersionLoggerListener.log Command line argument: -agentlib:jdwp=transport=dt_socket,address=127.0.0.1:52563,suspend=y,server=n
08-Nov-2024 12:07:54.723 INFO [main] org.apache.catalina.startup.VersionLoggerListener.log Command line argument: -Dcatalina.home=C:\dev\tomcat\10.1.30
08-Nov-2024 12:07:54.724 INFO [main] org.apache.catalina.startup.VersionLoggerListener.log Command line argument: -Dcatalina.base=C:\Users\mau.lopezrodriguez\OneDrive - Travelport\Documents\code\project-one-Mauro
08-Nov-2024 12:07:54.724 INFO [main] org.apache.catalina.startup.VersionLoggerListener.log Command line argument: -Djava.io.tmpdir=C:\Users\mau.lopezrodriguez\OneDrive - Travelport\Documents\code\project-one-Mauro\temp
08-Nov-2024 12:07:54.724 INFO [main] org.apache.catalina.startup.VersionLoggerListener.log Command line argument: -Djava.util.logging.config.file=C:\Users\mau.lopezrodriguez\OneDrive - Travelport\Documents\code\project-one-Mauro\conf\logging.properties
08-Nov-2024 12:07:54.724 INFO [main] org.apache.catalina.startup.VersionLoggerListener.log Command line argument: -Djava.util.logging.manager=org.apache.juli.ClassLoaderLogManager
08-Nov-2024 12:07:54.724 INFO [main] org.apache.catalina.startup.VersionLoggerListener.log Command line argument: -javaagent:C:\Users\mau.lopezrodriguez\AppData\Local\JetBrains\IdeaIC2024.2\captureAgent\debugger-agent.jar
08-Nov-2024 12:07:54.724 INFO [main] org.apache.catalina.startup.VersionLoggerListener.log Command line argument: -Dkotlinx.coroutines.debug.enable.creation.stack.trace=false
08-Nov-2024 12:07:54.724 INFO [main] org.apache.catalina.startup.VersionLoggerListener.log Command line argument: -Ddebugger.agent.enable.coroutines=true
08-Nov-2024 12:07:54.724 INFO [main] org.apache.catalina.startup.VersionLoggerListener.log Command line argument: -Dfile.encoding=UTF-8
08-Nov-2024 12:07:54.724 INFO [main] org.apache.catalina.startup.VersionLoggerListener.log Command line argument: -Dsun.stdout.encoding=UTF-8
08-Nov-2024 12:07:54.724 INFO [main] org.apache.catalina.startup.VersionLoggerListener.log Command line argument: -Dsun.stderr.encoding=UTF-8
08-Nov-2024 12:07:54.728 INFO [main] org.apache.catalina.core.AprLifecycleListener.lifecycleEvent Loaded Apache Tomcat Native library [2.0.8] using APR version [1.7.4].
08-Nov-2024 12:07:54.734 INFO [main] org.apache.catalina.core.AprLifecycleListener.initializeSSL OpenSSL successfully initialized [OpenSSL 3.0.14 4 Jun 2024]
08-Nov-2024 12:07:54.941 INFO [main] org.apache.coyote.AbstractProtocol.init Initializing ProtocolHandler ["http-nio-9080"]
08-Nov-2024 12:07:54.964 INFO [main] org.apache.catalina.startup.Catalina.load Server initialization in [405] milliseconds
08-Nov-2024 12:07:55.025 INFO [main] org.apache.catalina.core.StandardService.startInternal Starting service [Catalina]
08-Nov-2024 12:07:55.025 INFO [main] org.apache.catalina.core.StandardEngine.startInternal Starting Servlet engine: [Apache Tomcat/10.1.30]
08-Nov-2024 12:07:55.034 INFO [main] org.apache.catalina.startup.HostConfig.deployDescriptor Deploying deployment descriptor [C:\Users\mau.lopezrodriguez\OneDrive - Travelport\Documents\code\project-one-Mauro\conf\Catalina\localhost\project-one-Mauro.xml]
08-Nov-2024 12:07:57.673 INFO [main] org.apache.jasper.servlet.TldScanner.scanJars At least one JAR was scanned for TLDs yet contained no TLDs. Enable debug logging for this logger for a complete list of JARs that were scanned but no TLDs were found in them. Skipping unneeded JARs during scanning can improve startup time and JSP compilation time.
08-Nov-2024 12:07:59.197 INFO [main] org.hibernate.Version.logVersion HHH000412: Hibernate ORM core version 6.6.1.Final
08-Nov-2024 12:07:59.358 INFO [main] org.hibernate.cache.internal.RegionFactoryInitiator.initiateService HHH000026: Second-level cache disabled
08-Nov-2024 12:08:00.353 INFO [main] org.hibernate.engine.jdbc.env.internal.JdbcEnvironmentInitiator.initiateService HHH10001005: Database info:
	Database JDBC URL [Connecting through datasource 'org.apache.commons.dbcp2.BasicDataSource@1c89cec5']
	Database driver: undefined/unknown
	Database version: 9.1
	Autocommit mode: undefined/unknown
	Isolation level: undefined/unknown
	Minimum pool size: undefined/unknown
	Maximum pool size: undefined/unknown
08-Nov-2024 12:08:03.354 INFO [main] org.hibernate.engine.transaction.jta.platform.internal.JtaPlatformInitiator.initiateService HHH000489: No JTA platform available (set 'hibernate.transaction.jta.platform' to enable JTA platform integration)
08-Nov-2024 12:08:04.893 SEVERE [main] org.apache.catalina.core.StandardContext.startInternal One or more listeners failed to start. Full details will be found in the appropriate container log file
08-Nov-2024 12:08:04.896 SEVERE [main] org.apache.catalina.core.StandardContext.startInternal Context [/project-one-Mauro] startup failed due to previous errors
08-Nov-2024 12:08:04.903 WARNING [main] org.apache.catalina.loader.WebappClassLoaderBase.clearReferencesJdbc The web application [project-one-Mauro] registered the JDBC driver [com.mysql.cj.jdbc.Driver] but failed to unregister it when the web application was stopped. To prevent a memory leak, the JDBC Driver has been forcibly unregistered.
08-Nov-2024 12:08:04.903 WARNING [main] org.apache.catalina.loader.WebappClassLoaderBase.clearReferencesThreads The web application [project-one-Mauro] appears to have started a thread named [mysql-cj-abandoned-connection-cleanup] but has failed to stop it. This is very likely to create a memory leak. Stack trace of thread:
 java.base/jdk.internal.misc.Unsafe.park(Native Method)
 java.base/java.util.concurrent.locks.LockSupport.parkNanos(LockSupport.java:269)
 java.base/java.util.concurrent.locks.AbstractQueuedSynchronizer$ConditionObject.await(AbstractQueuedSynchronizer.java:1847)
 java.base/java.lang.ref.ReferenceQueue.await(ReferenceQueue.java:71)
 java.base/java.lang.ref.ReferenceQueue.remove0(ReferenceQueue.java:143)
 java.base/java.lang.ref.ReferenceQueue.remove(ReferenceQueue.java:218)
 com.mysql.cj.jdbc.AbandonedConnectionCleanupThread.run(AbandonedConnectionCleanupThread.java:84)
 java.base/java.util.concurrent.ThreadPoolExecutor.runWorker(ThreadPoolExecutor.java:1144)
 java.base/java.util.concurrent.ThreadPoolExecutor$Worker.run(ThreadPoolExecutor.java:642)
 java.base/java.lang.Thread.run(Thread.java:1583)
08-Nov-2024 12:08:04.908 INFO [main] org.apache.catalina.startup.HostConfig.deployDescriptor Deployment of deployment descriptor [C:\Users\mau.lopezrodriguez\OneDrive - Travelport\Documents\code\project-one-Mauro\conf\Catalina\localhost\project-one-Mauro.xml] has finished in [9,874] ms
08-Nov-2024 12:08:04.911 INFO [main] org.apache.coyote.AbstractProtocol.start Starting ProtocolHandler ["http-nio-9080"]
08-Nov-2024 12:08:04.925 INFO [main] org.apache.catalina.startup.Catalina.start Server startup in [9959] milliseconds
08-Nov-2024 12:08:05.315 INFO [mysql-cj-abandoned-connection-cleanup] org.apache.catalina.loader.WebappClassLoaderBase.checkStateForResourceLoading Illegal access: this web application instance has been stopped already. Could not load []. The following stack trace is thrown for debugging purposes as well as to attempt to terminate the thread which caused the illegal access.
	java.lang.IllegalStateException: Illegal access: this web application instance has been stopped already. Could not load []. The following stack trace is thrown for debugging purposes as well as to attempt to terminate the thread which caused the illegal access.
		at org.apache.catalina.loader.WebappClassLoaderBase.checkStateForResourceLoading(WebappClassLoaderBase.java:1352)
		at org.apache.catalina.loader.WebappClassLoaderBase.getResource(WebappClassLoaderBase.java:950)
		at com.mysql.cj.jdbc.AbandonedConnectionCleanupThread.checkThreadContextClassLoader(AbandonedConnectionCleanupThread.java:116)
		at com.mysql.cj.jdbc.AbandonedConnectionCleanupThread.run(AbandonedConnectionCleanupThread.java:83)
		at java.base/java.util.concurrent.ThreadPoolExecutor.runWorker(ThreadPoolExecutor.java:1144)
		at java.base/java.util.concurrent.ThreadPoolExecutor$Worker.run(ThreadPoolExecutor.java:642)
		at java.base/java.lang.Thread.run(Thread.java:1583)
08-Nov-2024 12:10:01.278 INFO [Thread-1] org.apache.coyote.AbstractProtocol.pause Pausing ProtocolHandler ["http-nio-9080"]
08-Nov-2024 12:10:01.281 INFO [Thread-1] org.apache.catalina.core.StandardService.stopInternal Stopping service [Catalina]
08-Nov-2024 12:10:01.283 INFO [Thread-1] org.apache.coyote.AbstractProtocol.stop Stopping ProtocolHandler ["http-nio-9080"]
08-Nov-2024 12:10:01.287 INFO [Thread-1] org.apache.coyote.AbstractProtocol.destroy Destroying ProtocolHandler ["http-nio-9080"]
08-Nov-2024 12:10:03.697 INFO [main] org.apache.catalina.startup.VersionLoggerListener.log Server version name:   Apache Tomcat/10.1.30
08-Nov-2024 12:10:03.705 INFO [main] org.apache.catalina.startup.VersionLoggerListener.log Server built:          Sep 13 2024 20:26:16 UTC
08-Nov-2024 12:10:03.706 INFO [main] org.apache.catalina.startup.VersionLoggerListener.log Server version number: 10.1.30.0
08-Nov-2024 12:10:03.706 INFO [main] org.apache.catalina.startup.VersionLoggerListener.log OS Name:               Windows 10
08-Nov-2024 12:10:03.706 INFO [main] org.apache.catalina.startup.VersionLoggerListener.log OS Version:            10.0
08-Nov-2024 12:10:03.706 INFO [main] org.apache.catalina.startup.VersionLoggerListener.log Architecture:          amd64
08-Nov-2024 12:10:03.706 INFO [main] org.apache.catalina.startup.VersionLoggerListener.log Java Home:             C:\Users\mau.lopezrodriguez\.jdks\corretto-21.0.4
08-Nov-2024 12:10:03.706 INFO [main] org.apache.catalina.startup.VersionLoggerListener.log JVM Version:           21.0.4+7-LTS
08-Nov-2024 12:10:03.706 INFO [main] org.apache.catalina.startup.VersionLoggerListener.log JVM Vendor:            Amazon.com Inc.
08-Nov-2024 12:10:03.706 INFO [main] org.apache.catalina.startup.VersionLoggerListener.log CATALINA_BASE:         C:\Users\mau.lopezrodriguez\OneDrive - Travelport\Documents\code\project-one-Mauro
08-Nov-2024 12:10:03.706 INFO [main] org.apache.catalina.startup.VersionLoggerListener.log CATALINA_HOME:         C:\dev\tomcat\10.1.30
08-Nov-2024 12:10:03.715 INFO [main] org.apache.catalina.startup.VersionLoggerListener.log Command line argument: --add-opens=java.base/java.lang=ALL-UNNAMED
08-Nov-2024 12:10:03.715 INFO [main] org.apache.catalina.startup.VersionLoggerListener.log Command line argument: --add-opens=java.base/java.io=ALL-UNNAMED
08-Nov-2024 12:10:03.715 INFO [main] org.apache.catalina.startup.VersionLoggerListener.log Command line argument: --add-opens=java.base/java.util=ALL-UNNAMED
08-Nov-2024 12:10:03.715 INFO [main] org.apache.catalina.startup.VersionLoggerListener.log Command line argument: --add-opens=java.base/java.util.concurrent=ALL-UNNAMED
08-Nov-2024 12:10:03.715 INFO [main] org.apache.catalina.startup.VersionLoggerListener.log Command line argument: --add-opens=java.rmi/sun.rmi.transport=ALL-UNNAMED
08-Nov-2024 12:10:03.715 INFO [main] org.apache.catalina.startup.VersionLoggerListener.log Command line argument: -agentlib:jdwp=transport=dt_socket,address=127.0.0.1:52599,suspend=y,server=n
08-Nov-2024 12:10:03.716 INFO [main] org.apache.catalina.startup.VersionLoggerListener.log Command line argument: -Dcatalina.home=C:\dev\tomcat\10.1.30
08-Nov-2024 12:10:03.716 INFO [main] org.apache.catalina.startup.VersionLoggerListener.log Command line argument: -Dcatalina.base=C:\Users\mau.lopezrodriguez\OneDrive - Travelport\Documents\code\project-one-Mauro
08-Nov-2024 12:10:03.716 INFO [main] org.apache.catalina.startup.VersionLoggerListener.log Command line argument: -Djava.io.tmpdir=C:\Users\mau.lopezrodriguez\OneDrive - Travelport\Documents\code\project-one-Mauro\temp
08-Nov-2024 12:10:03.716 INFO [main] org.apache.catalina.startup.VersionLoggerListener.log Command line argument: -Djava.util.logging.config.file=C:\Users\mau.lopezrodriguez\OneDrive - Travelport\Documents\code\project-one-Mauro\conf\logging.properties
08-Nov-2024 12:10:03.716 INFO [main] org.apache.catalina.startup.VersionLoggerListener.log Command line argument: -Djava.util.logging.manager=org.apache.juli.ClassLoaderLogManager
08-Nov-2024 12:10:03.716 INFO [main] org.apache.catalina.startup.VersionLoggerListener.log Command line argument: -javaagent:C:\Users\mau.lopezrodriguez\AppData\Local\JetBrains\IdeaIC2024.2\captureAgent\debugger-agent.jar
08-Nov-2024 12:10:03.716 INFO [main] org.apache.catalina.startup.VersionLoggerListener.log Command line argument: -Dkotlinx.coroutines.debug.enable.creation.stack.trace=false
08-Nov-2024 12:10:03.716 INFO [main] org.apache.catalina.startup.VersionLoggerListener.log Command line argument: -Ddebugger.agent.enable.coroutines=true
08-Nov-2024 12:10:03.716 INFO [main] org.apache.catalina.startup.VersionLoggerListener.log Command line argument: -Dfile.encoding=UTF-8
08-Nov-2024 12:10:03.717 INFO [main] org.apache.catalina.startup.VersionLoggerListener.log Command line argument: -Dsun.stdout.encoding=UTF-8
08-Nov-2024 12:10:03.717 INFO [main] org.apache.catalina.startup.VersionLoggerListener.log Command line argument: -Dsun.stderr.encoding=UTF-8
08-Nov-2024 12:10:03.721 INFO [main] org.apache.catalina.core.AprLifecycleListener.lifecycleEvent Loaded Apache Tomcat Native library [2.0.8] using APR version [1.7.4].
08-Nov-2024 12:10:03.726 INFO [main] org.apache.catalina.core.AprLifecycleListener.initializeSSL OpenSSL successfully initialized [OpenSSL 3.0.14 4 Jun 2024]
08-Nov-2024 12:10:03.935 INFO [main] org.apache.coyote.AbstractProtocol.init Initializing ProtocolHandler ["http-nio-9080"]
08-Nov-2024 12:10:03.959 INFO [main] org.apache.catalina.startup.Catalina.load Server initialization in [398] milliseconds
08-Nov-2024 12:10:04.012 INFO [main] org.apache.catalina.core.StandardService.startInternal Starting service [Catalina]
08-Nov-2024 12:10:04.012 INFO [main] org.apache.catalina.core.StandardEngine.startInternal Starting Servlet engine: [Apache Tomcat/10.1.30]
08-Nov-2024 12:10:04.024 INFO [main] org.apache.catalina.startup.HostConfig.deployDescriptor Deploying deployment descriptor [C:\Users\mau.lopezrodriguez\OneDrive - Travelport\Documents\code\project-one-Mauro\conf\Catalina\localhost\project-one-Mauro.xml]
08-Nov-2024 12:10:06.768 INFO [main] org.apache.jasper.servlet.TldScanner.scanJars At least one JAR was scanned for TLDs yet contained no TLDs. Enable debug logging for this logger for a complete list of JARs that were scanned but no TLDs were found in them. Skipping unneeded JARs during scanning can improve startup time and JSP compilation time.
08-Nov-2024 12:10:08.312 INFO [main] org.hibernate.Version.logVersion HHH000412: Hibernate ORM core version 6.6.1.Final
08-Nov-2024 12:10:08.484 INFO [main] org.hibernate.cache.internal.RegionFactoryInitiator.initiateService HHH000026: Second-level cache disabled
08-Nov-2024 12:10:09.536 INFO [main] org.hibernate.engine.jdbc.env.internal.JdbcEnvironmentInitiator.initiateService HHH10001005: Database info:
	Database JDBC URL [Connecting through datasource 'org.apache.commons.dbcp2.BasicDataSource@a9339e5']
	Database driver: undefined/unknown
	Database version: 9.1
	Autocommit mode: undefined/unknown
	Isolation level: undefined/unknown
	Minimum pool size: undefined/unknown
	Maximum pool size: undefined/unknown
08-Nov-2024 12:10:12.596 INFO [main] org.hibernate.engine.transaction.jta.platform.internal.JtaPlatformInitiator.initiateService HHH000489: No JTA platform available (set 'hibernate.transaction.jta.platform' to enable JTA platform integration)
08-Nov-2024 12:10:14.124 SEVERE [main] org.apache.catalina.core.StandardContext.startInternal One or more listeners failed to start. Full details will be found in the appropriate container log file
08-Nov-2024 12:10:14.129 SEVERE [main] org.apache.catalina.core.StandardContext.startInternal Context [/project-one-Mauro] startup failed due to previous errors
08-Nov-2024 12:10:14.136 WARNING [main] org.apache.catalina.loader.WebappClassLoaderBase.clearReferencesJdbc The web application [project-one-Mauro] registered the JDBC driver [com.mysql.cj.jdbc.Driver] but failed to unregister it when the web application was stopped. To prevent a memory leak, the JDBC Driver has been forcibly unregistered.
08-Nov-2024 12:10:14.137 WARNING [main] org.apache.catalina.loader.WebappClassLoaderBase.clearReferencesThreads The web application [project-one-Mauro] appears to have started a thread named [mysql-cj-abandoned-connection-cleanup] but has failed to stop it. This is very likely to create a memory leak. Stack trace of thread:
 java.base/jdk.internal.misc.Unsafe.park(Native Method)
 java.base/java.util.concurrent.locks.LockSupport.parkNanos(LockSupport.java:269)
 java.base/java.util.concurrent.locks.AbstractQueuedSynchronizer$ConditionObject.await(AbstractQueuedSynchronizer.java:1847)
 java.base/java.lang.ref.ReferenceQueue.await(ReferenceQueue.java:71)
 java.base/java.lang.ref.ReferenceQueue.remove0(ReferenceQueue.java:143)
 java.base/java.lang.ref.ReferenceQueue.remove(ReferenceQueue.java:218)
 com.mysql.cj.jdbc.AbandonedConnectionCleanupThread.run(AbandonedConnectionCleanupThread.java:84)
 java.base/java.util.concurrent.ThreadPoolExecutor.runWorker(ThreadPoolExecutor.java:1144)
 java.base/java.util.concurrent.ThreadPoolExecutor$Worker.run(ThreadPoolExecutor.java:642)
 java.base/java.lang.Thread.run(Thread.java:1583)
08-Nov-2024 12:10:14.142 INFO [main] org.apache.catalina.startup.HostConfig.deployDescriptor Deployment of deployment descriptor [C:\Users\mau.lopezrodriguez\OneDrive - Travelport\Documents\code\project-one-Mauro\conf\Catalina\localhost\project-one-Mauro.xml] has finished in [10,118] ms
08-Nov-2024 12:10:14.145 INFO [main] org.apache.coyote.AbstractProtocol.start Starting ProtocolHandler ["http-nio-9080"]
08-Nov-2024 12:10:14.158 INFO [main] org.apache.catalina.startup.Catalina.start Server startup in [10196] milliseconds
08-Nov-2024 12:10:14.490 INFO [mysql-cj-abandoned-connection-cleanup] org.apache.catalina.loader.WebappClassLoaderBase.checkStateForResourceLoading Illegal access: this web application instance has been stopped already. Could not load []. The following stack trace is thrown for debugging purposes as well as to attempt to terminate the thread which caused the illegal access.
	java.lang.IllegalStateException: Illegal access: this web application instance has been stopped already. Could not load []. The following stack trace is thrown for debugging purposes as well as to attempt to terminate the thread which caused the illegal access.
		at org.apache.catalina.loader.WebappClassLoaderBase.checkStateForResourceLoading(WebappClassLoaderBase.java:1352)
		at org.apache.catalina.loader.WebappClassLoaderBase.getResource(WebappClassLoaderBase.java:950)
		at com.mysql.cj.jdbc.AbandonedConnectionCleanupThread.checkThreadContextClassLoader(AbandonedConnectionCleanupThread.java:116)
		at com.mysql.cj.jdbc.AbandonedConnectionCleanupThread.run(AbandonedConnectionCleanupThread.java:83)
		at java.base/java.util.concurrent.ThreadPoolExecutor.runWorker(ThreadPoolExecutor.java:1144)
		at java.base/java.util.concurrent.ThreadPoolExecutor$Worker.run(ThreadPoolExecutor.java:642)
		at java.base/java.lang.Thread.run(Thread.java:1583)
08-Nov-2024 12:12:15.916 INFO [Thread-1] org.apache.coyote.AbstractProtocol.pause Pausing ProtocolHandler ["http-nio-9080"]
08-Nov-2024 12:12:15.920 INFO [Thread-1] org.apache.catalina.core.StandardService.stopInternal Stopping service [Catalina]
08-Nov-2024 12:12:15.921 INFO [Thread-1] org.apache.coyote.AbstractProtocol.stop Stopping ProtocolHandler ["http-nio-9080"]
08-Nov-2024 12:12:15.925 INFO [Thread-1] org.apache.coyote.AbstractProtocol.destroy Destroying ProtocolHandler ["http-nio-9080"]
08-Nov-2024 12:12:18.167 INFO [main] org.apache.catalina.startup.VersionLoggerListener.log Server version name:   Apache Tomcat/10.1.30
08-Nov-2024 12:12:18.171 INFO [main] org.apache.catalina.startup.VersionLoggerListener.log Server built:          Sep 13 2024 20:26:16 UTC
08-Nov-2024 12:12:18.171 INFO [main] org.apache.catalina.startup.VersionLoggerListener.log Server version number: 10.1.30.0
08-Nov-2024 12:12:18.171 INFO [main] org.apache.catalina.startup.VersionLoggerListener.log OS Name:               Windows 10
08-Nov-2024 12:12:18.171 INFO [main] org.apache.catalina.startup.VersionLoggerListener.log OS Version:            10.0
08-Nov-2024 12:12:18.172 INFO [main] org.apache.catalina.startup.VersionLoggerListener.log Architecture:          amd64
08-Nov-2024 12:12:18.172 INFO [main] org.apache.catalina.startup.VersionLoggerListener.log Java Home:             C:\Users\mau.lopezrodriguez\.jdks\corretto-21.0.4
08-Nov-2024 12:12:18.172 INFO [main] org.apache.catalina.startup.VersionLoggerListener.log JVM Version:           21.0.4+7-LTS
08-Nov-2024 12:12:18.172 INFO [main] org.apache.catalina.startup.VersionLoggerListener.log JVM Vendor:            Amazon.com Inc.
08-Nov-2024 12:12:18.172 INFO [main] org.apache.catalina.startup.VersionLoggerListener.log CATALINA_BASE:         C:\Users\mau.lopezrodriguez\OneDrive - Travelport\Documents\code\project-one-Mauro
08-Nov-2024 12:12:18.172 INFO [main] org.apache.catalina.startup.VersionLoggerListener.log CATALINA_HOME:         C:\dev\tomcat\10.1.30
08-Nov-2024 12:12:18.186 INFO [main] org.apache.catalina.startup.VersionLoggerListener.log Command line argument: --add-opens=java.base/java.lang=ALL-UNNAMED
08-Nov-2024 12:12:18.186 INFO [main] org.apache.catalina.startup.VersionLoggerListener.log Command line argument: --add-opens=java.base/java.io=ALL-UNNAMED
08-Nov-2024 12:12:18.186 INFO [main] org.apache.catalina.startup.VersionLoggerListener.log Command line argument: --add-opens=java.base/java.util=ALL-UNNAMED
08-Nov-2024 12:12:18.186 INFO [main] org.apache.catalina.startup.VersionLoggerListener.log Command line argument: --add-opens=java.base/java.util.concurrent=ALL-UNNAMED
08-Nov-2024 12:12:18.186 INFO [main] org.apache.catalina.startup.VersionLoggerListener.log Command line argument: --add-opens=java.rmi/sun.rmi.transport=ALL-UNNAMED
08-Nov-2024 12:12:18.186 INFO [main] org.apache.catalina.startup.VersionLoggerListener.log Command line argument: -agentlib:jdwp=transport=dt_socket,address=127.0.0.1:52633,suspend=y,server=n
08-Nov-2024 12:12:18.186 INFO [main] org.apache.catalina.startup.VersionLoggerListener.log Command line argument: -Dcatalina.home=C:\dev\tomcat\10.1.30
08-Nov-2024 12:12:18.186 INFO [main] org.apache.catalina.startup.VersionLoggerListener.log Command line argument: -Dcatalina.base=C:\Users\mau.lopezrodriguez\OneDrive - Travelport\Documents\code\project-one-Mauro
08-Nov-2024 12:12:18.186 INFO [main] org.apache.catalina.startup.VersionLoggerListener.log Command line argument: -Djava.io.tmpdir=C:\Users\mau.lopezrodriguez\OneDrive - Travelport\Documents\code\project-one-Mauro\temp
08-Nov-2024 12:12:18.186 INFO [main] org.apache.catalina.startup.VersionLoggerListener.log Command line argument: -Djava.util.logging.config.file=C:\Users\mau.lopezrodriguez\OneDrive - Travelport\Documents\code\project-one-Mauro\conf\logging.properties
08-Nov-2024 12:12:18.186 INFO [main] org.apache.catalina.startup.VersionLoggerListener.log Command line argument: -Djava.util.logging.manager=org.apache.juli.ClassLoaderLogManager
08-Nov-2024 12:12:18.186 INFO [main] org.apache.catalina.startup.VersionLoggerListener.log Command line argument: -javaagent:C:\Users\mau.lopezrodriguez\AppData\Local\JetBrains\IdeaIC2024.2\captureAgent\debugger-agent.jar
08-Nov-2024 12:12:18.187 INFO [main] org.apache.catalina.startup.VersionLoggerListener.log Command line argument: -Dkotlinx.coroutines.debug.enable.creation.stack.trace=false
08-Nov-2024 12:12:18.187 INFO [main] org.apache.catalina.startup.VersionLoggerListener.log Command line argument: -Ddebugger.agent.enable.coroutines=true
08-Nov-2024 12:12:18.187 INFO [main] org.apache.catalina.startup.VersionLoggerListener.log Command line argument: -Dfile.encoding=UTF-8
08-Nov-2024 12:12:18.187 INFO [main] org.apache.catalina.startup.VersionLoggerListener.log Command line argument: -Dsun.stdout.encoding=UTF-8
08-Nov-2024 12:12:18.187 INFO [main] org.apache.catalina.startup.VersionLoggerListener.log Command line argument: -Dsun.stderr.encoding=UTF-8
08-Nov-2024 12:12:18.191 INFO [main] org.apache.catalina.core.AprLifecycleListener.lifecycleEvent Loaded Apache Tomcat Native library [2.0.8] using APR version [1.7.4].
08-Nov-2024 12:12:18.197 INFO [main] org.apache.catalina.core.AprLifecycleListener.initializeSSL OpenSSL successfully initialized [OpenSSL 3.0.14 4 Jun 2024]
08-Nov-2024 12:12:18.394 INFO [main] org.apache.coyote.AbstractProtocol.init Initializing ProtocolHandler ["http-nio-9080"]
08-Nov-2024 12:12:18.415 INFO [main] org.apache.catalina.startup.Catalina.load Server initialization in [376] milliseconds
08-Nov-2024 12:12:18.476 INFO [main] org.apache.catalina.core.StandardService.startInternal Starting service [Catalina]
08-Nov-2024 12:12:18.476 INFO [main] org.apache.catalina.core.StandardEngine.startInternal Starting Servlet engine: [Apache Tomcat/10.1.30]
08-Nov-2024 12:12:18.486 INFO [main] org.apache.catalina.startup.HostConfig.deployDescriptor Deploying deployment descriptor [C:\Users\mau.lopezrodriguez\OneDrive - Travelport\Documents\code\project-one-Mauro\conf\Catalina\localhost\project-one-Mauro.xml]
08-Nov-2024 12:12:21.284 INFO [main] org.apache.jasper.servlet.TldScanner.scanJars At least one JAR was scanned for TLDs yet contained no TLDs. Enable debug logging for this logger for a complete list of JARs that were scanned but no TLDs were found in them. Skipping unneeded JARs during scanning can improve startup time and JSP compilation time.
08-Nov-2024 12:12:22.821 INFO [main] org.hibernate.Version.logVersion HHH000412: Hibernate ORM core version 6.6.1.Final
08-Nov-2024 12:12:22.995 INFO [main] org.hibernate.cache.internal.RegionFactoryInitiator.initiateService HHH000026: Second-level cache disabled
08-Nov-2024 12:12:24.022 INFO [main] org.hibernate.engine.jdbc.env.internal.JdbcEnvironmentInitiator.initiateService HHH10001005: Database info:
	Database JDBC URL [Connecting through datasource 'org.apache.commons.dbcp2.BasicDataSource@ceb4f91']
	Database driver: undefined/unknown
	Database version: 9.1
	Autocommit mode: undefined/unknown
	Isolation level: undefined/unknown
	Minimum pool size: undefined/unknown
	Maximum pool size: undefined/unknown
08-Nov-2024 12:12:27.069 INFO [main] org.hibernate.engine.transaction.jta.platform.internal.JtaPlatformInitiator.initiateService HHH000489: No JTA platform available (set 'hibernate.transaction.jta.platform' to enable JTA platform integration)
08-Nov-2024 12:12:29.205 INFO [main] org.apache.catalina.startup.HostConfig.deployDescriptor Deployment of deployment descriptor [C:\Users\mau.lopezrodriguez\OneDrive - Travelport\Documents\code\project-one-Mauro\conf\Catalina\localhost\project-one-Mauro.xml] has finished in [10,718] ms
08-Nov-2024 12:12:29.212 INFO [main] org.apache.coyote.AbstractProtocol.start Starting ProtocolHandler ["http-nio-9080"]
08-Nov-2024 12:12:29.231 INFO [main] org.apache.catalina.startup.Catalina.start Server startup in [10814] milliseconds
08-Nov-2024 12:13:23.869 INFO [Thread-1] org.apache.coyote.AbstractProtocol.pause Pausing ProtocolHandler ["http-nio-9080"]
08-Nov-2024 12:13:23.872 INFO [Thread-1] org.apache.catalina.core.StandardService.stopInternal Stopping service [Catalina]
08-Nov-2024 12:13:23.891 WARNING [Thread-1] org.apache.catalina.loader.WebappClassLoaderBase.clearReferencesJdbc The web application [project-one-Mauro] registered the JDBC driver [com.mysql.cj.jdbc.Driver] but failed to unregister it when the web application was stopped. To prevent a memory leak, the JDBC Driver has been forcibly unregistered.
08-Nov-2024 12:13:23.891 WARNING [Thread-1] org.apache.catalina.loader.WebappClassLoaderBase.clearReferencesThreads The web application [project-one-Mauro] appears to have started a thread named [mysql-cj-abandoned-connection-cleanup] but has failed to stop it. This is very likely to create a memory leak. Stack trace of thread:
 java.base/jdk.internal.misc.Unsafe.park(Native Method)
 java.base/java.util.concurrent.locks.LockSupport.parkNanos(LockSupport.java:269)
 java.base/java.util.concurrent.locks.AbstractQueuedSynchronizer$ConditionObject.await(AbstractQueuedSynchronizer.java:1847)
 java.base/java.lang.ref.ReferenceQueue.await(ReferenceQueue.java:71)
 java.base/java.lang.ref.ReferenceQueue.remove0(ReferenceQueue.java:143)
 java.base/java.lang.ref.ReferenceQueue.remove(ReferenceQueue.java:218)
 com.mysql.cj.jdbc.AbandonedConnectionCleanupThread.run(AbandonedConnectionCleanupThread.java:84)
 java.base/java.util.concurrent.ThreadPoolExecutor.runWorker(ThreadPoolExecutor.java:1144)
 java.base/java.util.concurrent.ThreadPoolExecutor$Worker.run(ThreadPoolExecutor.java:642)
 java.base/java.lang.Thread.run(Thread.java:1583)
08-Nov-2024 12:13:23.896 INFO [Thread-1] org.apache.coyote.AbstractProtocol.stop Stopping ProtocolHandler ["http-nio-9080"]
08-Nov-2024 12:13:23.913 INFO [Thread-1] org.apache.coyote.AbstractProtocol.destroy Destroying ProtocolHandler ["http-nio-9080"]
