02-Nov-2024 20:31:15.594 INFO [main] org.apache.catalina.core.ApplicationContext.log 1 Spring WebApplicationInitializers detected on classpath
02-Nov-2024 20:31:15.742 INFO [main] org.apache.catalina.core.ApplicationContext.log Initializing Spring root WebApplicationContext
02-Nov-2024 20:31:21.199 INFO [main] org.apache.catalina.core.ApplicationContext.log Initializing Spring DispatcherServlet 'spring'
02-Nov-2024 20:42:30.789 INFO [Thread-1] org.apache.catalina.core.ApplicationContext.log Destroying Spring FrameworkServlet 'spring'
02-Nov-2024 20:42:30.790 INFO [Thread-1] org.apache.catalina.core.ApplicationContext.log Closing Spring root WebApplicationContext
02-Nov-2024 20:42:36.373 INFO [main] org.apache.catalina.core.ApplicationContext.log 1 Spring WebApplicationInitializers detected on classpath
02-Nov-2024 20:42:36.518 INFO [main] org.apache.catalina.core.ApplicationContext.log Initializing Spring root WebApplicationContext
02-Nov-2024 20:42:41.477 INFO [main] org.apache.catalina.core.ApplicationContext.log Initializing Spring DispatcherServlet 'spring'
02-Nov-2024 20:44:48.042 INFO [Thread-1] org.apache.catalina.core.ApplicationContext.log Destroying Spring FrameworkServlet 'spring'
02-Nov-2024 20:44:48.043 INFO [Thread-1] org.apache.catalina.core.ApplicationContext.log Closing Spring root WebApplicationContext
02-Nov-2024 20:52:51.943 INFO [main] org.apache.catalina.core.ApplicationContext.log 1 Spring WebApplicationInitializers detected on classpath
02-Nov-2024 20:52:52.103 INFO [main] org.apache.catalina.core.ApplicationContext.log Initializing Spring root WebApplicationContext
02-Nov-2024 20:52:57.330 INFO [main] org.apache.catalina.core.ApplicationContext.log Initializing Spring DispatcherServlet 'spring'
02-Nov-2024 20:54:02.976 INFO [Thread-1] org.apache.catalina.core.ApplicationContext.log Destroying Spring FrameworkServlet 'spring'
02-Nov-2024 20:54:02.978 INFO [Thread-1] org.apache.catalina.core.ApplicationContext.log Closing Spring root WebApplicationContext
02-Nov-2024 20:55:43.169 INFO [main] org.apache.catalina.core.ApplicationContext.log 1 Spring WebApplicationInitializers detected on classpath
02-Nov-2024 20:55:43.323 INFO [main] org.apache.catalina.core.ApplicationContext.log Initializing Spring root WebApplicationContext
02-Nov-2024 20:55:48.556 INFO [main] org.apache.catalina.core.ApplicationContext.log Initializing Spring DispatcherServlet 'spring'
02-Nov-2024 20:59:26.466 INFO [Thread-1] org.apache.catalina.core.ApplicationContext.log Destroying Spring FrameworkServlet 'spring'
02-Nov-2024 20:59:26.467 INFO [Thread-1] org.apache.catalina.core.ApplicationContext.log Closing Spring root WebApplicationContext
02-Nov-2024 20:59:48.511 INFO [main] org.apache.catalina.core.ApplicationContext.log 1 Spring WebApplicationInitializers detected on classpath
02-Nov-2024 20:59:48.664 INFO [main] org.apache.catalina.core.ApplicationContext.log Initializing Spring root WebApplicationContext
02-Nov-2024 20:59:53.902 INFO [main] org.apache.catalina.core.ApplicationContext.log Initializing Spring DispatcherServlet 'spring'
02-Nov-2024 21:00:40.899 INFO [Thread-1] org.apache.catalina.core.ApplicationContext.log Destroying Spring FrameworkServlet 'spring'
02-Nov-2024 21:00:40.900 INFO [Thread-1] org.apache.catalina.core.ApplicationContext.log Closing Spring root WebApplicationContext
02-Nov-2024 21:01:40.121 INFO [main] org.apache.catalina.core.ApplicationContext.log 1 Spring WebApplicationInitializers detected on classpath
02-Nov-2024 21:01:40.305 INFO [main] org.apache.catalina.core.ApplicationContext.log Initializing Spring root WebApplicationContext
02-Nov-2024 21:01:42.198 INFO [main] org.apache.catalina.core.ApplicationContext.log 1 Spring WebApplicationInitializers detected on classpath
02-Nov-2024 21:01:42.378 INFO [main] org.apache.catalina.core.ApplicationContext.log Initializing Spring root WebApplicationContext
02-Nov-2024 21:01:46.447 INFO [main] org.apache.catalina.core.ApplicationContext.log Initializing Spring DispatcherServlet 'spring'
02-Nov-2024 21:01:48.243 INFO [main] org.apache.catalina.core.ApplicationContext.log Initializing Spring DispatcherServlet 'spring'
02-Nov-2024 21:01:48.266 INFO [main] org.apache.catalina.core.ApplicationContext.log Destroying Spring FrameworkServlet 'spring'
02-Nov-2024 21:01:48.267 INFO [main] org.apache.catalina.core.ApplicationContext.log Closing Spring root WebApplicationContext
02-Nov-2024 21:01:56.484 INFO [Catalina-utility-1] org.apache.catalina.core.ApplicationContext.log Destroying Spring FrameworkServlet 'spring'
02-Nov-2024 21:01:56.486 INFO [Catalina-utility-1] org.apache.catalina.core.ApplicationContext.log Closing Spring root WebApplicationContext
02-Nov-2024 21:02:00.914 INFO [Catalina-utility-1] org.apache.catalina.core.ApplicationContext.log 1 Spring WebApplicationInitializers detected on classpath
02-Nov-2024 21:02:01.203 INFO [Catalina-utility-1] org.apache.catalina.core.ApplicationContext.log Initializing Spring root WebApplicationContext
02-Nov-2024 21:02:11.175 INFO [main] org.apache.catalina.core.ApplicationContext.log 1 Spring WebApplicationInitializers detected on classpath
02-Nov-2024 21:02:11.335 INFO [main] org.apache.catalina.core.ApplicationContext.log Initializing Spring root WebApplicationContext
02-Nov-2024 21:02:16.774 INFO [main] org.apache.catalina.core.ApplicationContext.log Initializing Spring DispatcherServlet 'spring'
02-Nov-2024 21:35:45.803 INFO [Thread-1] org.apache.catalina.core.ApplicationContext.log Destroying Spring FrameworkServlet 'spring'
02-Nov-2024 21:35:45.804 INFO [Thread-1] org.apache.catalina.core.ApplicationContext.log Closing Spring root WebApplicationContext
02-Nov-2024 21:36:04.439 INFO [main] org.apache.catalina.core.ApplicationContext.log 1 Spring WebApplicationInitializers detected on classpath
02-Nov-2024 21:36:04.591 INFO [main] org.apache.catalina.core.ApplicationContext.log Initializing Spring root WebApplicationContext
02-Nov-2024 21:36:09.788 INFO [main] org.apache.catalina.core.ApplicationContext.log Initializing Spring DispatcherServlet 'spring'
02-Nov-2024 21:37:05.731 INFO [Thread-1] org.apache.catalina.core.ApplicationContext.log Destroying Spring FrameworkServlet 'spring'
02-Nov-2024 21:37:05.731 INFO [Thread-1] org.apache.catalina.core.ApplicationContext.log Closing Spring root WebApplicationContext
02-Nov-2024 21:52:38.243 INFO [main] org.apache.catalina.core.ApplicationContext.log 1 Spring WebApplicationInitializers detected on classpath
02-Nov-2024 21:52:38.401 INFO [main] org.apache.catalina.core.ApplicationContext.log Initializing Spring root WebApplicationContext
02-Nov-2024 21:52:43.827 INFO [main] org.apache.catalina.core.ApplicationContext.log Initializing Spring DispatcherServlet 'spring'
02-Nov-2024 21:54:01.946 INFO [Thread-1] org.apache.catalina.core.ApplicationContext.log Destroying Spring FrameworkServlet 'spring'
02-Nov-2024 21:54:01.948 INFO [Thread-1] org.apache.catalina.core.ApplicationContext.log Closing Spring root WebApplicationContext
02-Nov-2024 21:59:55.433 INFO [main] org.apache.catalina.core.ApplicationContext.log 1 Spring WebApplicationInitializers detected on classpath
02-Nov-2024 21:59:55.599 INFO [main] org.apache.catalina.core.ApplicationContext.log Initializing Spring root WebApplicationContext
02-Nov-2024 22:00:01.037 INFO [main] org.apache.catalina.core.ApplicationContext.log Initializing Spring DispatcherServlet 'spring'
02-Nov-2024 22:09:57.216 INFO [Thread-1] org.apache.catalina.core.ApplicationContext.log Destroying Spring FrameworkServlet 'spring'
02-Nov-2024 22:09:57.217 INFO [Thread-1] org.apache.catalina.core.ApplicationContext.log Closing Spring root WebApplicationContext
02-Nov-2024 22:12:46.774 INFO [main] org.apache.catalina.core.ApplicationContext.log 1 Spring WebApplicationInitializers detected on classpath
02-Nov-2024 22:12:46.924 INFO [main] org.apache.catalina.core.ApplicationContext.log Initializing Spring root WebApplicationContext
02-Nov-2024 22:12:52.356 INFO [main] org.apache.catalina.core.ApplicationContext.log Initializing Spring DispatcherServlet 'spring'
02-Nov-2024 22:13:36.915 INFO [Thread-1] org.apache.catalina.core.ApplicationContext.log Destroying Spring FrameworkServlet 'spring'
02-Nov-2024 22:13:36.916 INFO [Thread-1] org.apache.catalina.core.ApplicationContext.log Closing Spring root WebApplicationContext
02-Nov-2024 22:13:56.002 INFO [main] org.apache.catalina.core.ApplicationContext.log 1 Spring WebApplicationInitializers detected on classpath
02-Nov-2024 22:13:56.164 INFO [main] org.apache.catalina.core.ApplicationContext.log Initializing Spring root WebApplicationContext
02-Nov-2024 22:14:01.692 INFO [main] org.apache.catalina.core.ApplicationContext.log Initializing Spring DispatcherServlet 'spring'
02-Nov-2024 22:15:25.958 INFO [Thread-1] org.apache.catalina.core.ApplicationContext.log Destroying Spring FrameworkServlet 'spring'
02-Nov-2024 22:15:25.959 INFO [Thread-1] org.apache.catalina.core.ApplicationContext.log Closing Spring root WebApplicationContext
